#
# There is insufficient memory for the Java Runtime Environment to continue.
# Native memory allocation (malloc) failed to allocate 775280 bytes for Chunk::new
# Possible reasons:
#   The system is out of physical RAM or swap space
#   In 32 bit mode, the process size limit was hit
# Possible solutions:
#   Reduce memory load on the system
#   Increase physical memory or swap space
#   Check if swap backing store is full
#   Use 64 bit Java on a 64 bit OS
#   Decrease Java heap size (-Xmx/-Xms)
#   Decrease number of Java threads
#   Decrease Java thread stack sizes (-Xss)
#   Set larger code cache with -XX:ReservedCodeCacheSize=
# This output file may be truncated or incomplete.
#
#  Out of Memory Error (allocation.cpp:390), pid=15000, tid=0x0000000000003288
#
# JRE version: Java(TM) SE Runtime Environment (8.0_191-b12) (build 1.8.0_191-b12)
# Java VM: Java HotSpot(TM) 64-Bit Server VM (25.191-b12 mixed mode windows-amd64 compressed oops)
# Failed to write core dump. Minidumps are not enabled by default on client versions of Windows
#

---------------  T H R E A D  ---------------

Current thread (0x0000000019e09800):  JavaThread "C2 CompilerThread1" daemon [_thread_in_native, id=12936, stack(0x000000001a750000,0x000000001a850000)]

Stack: [0x000000001a750000,0x000000001a850000]
[error occurred during error reporting (printing stack bounds), id 0xc0000005]

Native frames: (J=compiled Java code, j=interpreted, Vv=VM code, C=native code)


Current CompileTask:
C2:  11446 4862       4       org.springframework.core.ResolvableType::hasGenerics (14 bytes)


---------------  P R O C E S S  ---------------

Java Threads: ( => current thread )
  0x000000001bd88800 JavaThread "lettuce-timer-3-1" daemon [_thread_blocked, id=19752, stack(0x0000000022560000,0x0000000022660000)]
  0x000000001ec66000 JavaThread "mysql-cj-abandoned-connection-cleanup" daemon [_thread_blocked, id=12292, stack(0x000000001e0d0000,0x000000001e1d0000)]
  0x000000001c533800 JavaThread "logback-2" daemon [_thread_blocked, id=10364, stack(0x000000001daa0000,0x000000001dba0000)]
  0x0000000019ec4800 JavaThread "Service Thread" daemon [_thread_blocked, id=16984, stack(0x000000001aa50000,0x000000001ab50000)]
  0x0000000019e15000 JavaThread "C1 CompilerThread3" daemon [_thread_blocked, id=15516, stack(0x000000001a950000,0x000000001aa50000)]
  0x0000000019e0d800 JavaThread "C2 CompilerThread2" daemon [_thread_in_native, id=2816, stack(0x000000001a850000,0x000000001a950000)]
=>0x0000000019e09800 JavaThread "C2 CompilerThread1" daemon [_thread_in_native, id=12936, stack(0x000000001a750000,0x000000001a850000)]
  0x0000000019e08800 JavaThread "C2 CompilerThread0" daemon [_thread_in_native, id=21020, stack(0x000000001a650000,0x000000001a750000)]
  0x0000000019e06800 JavaThread "Monitor Ctrl-Break" daemon [_thread_in_native, id=5488, stack(0x000000001a550000,0x000000001a650000)]
  0x0000000019deb000 JavaThread "Attach Listener" daemon [_thread_blocked, id=11184, stack(0x000000001a450000,0x000000001a550000)]
  0x0000000019dea800 JavaThread "Signal Dispatcher" daemon [_thread_blocked, id=19852, stack(0x000000001a350000,0x000000001a450000)]
  0x0000000019d71000 JavaThread "Finalizer" daemon [_thread_blocked, id=4212, stack(0x000000001a250000,0x000000001a350000)]
  0x0000000019d70800 JavaThread "Reference Handler" daemon [_thread_blocked, id=14188, stack(0x000000001a150000,0x000000001a250000)]
  0x0000000002d18800 JavaThread "main" [_thread_in_vm, id=4400, stack(0x0000000002bc0000,0x0000000002cc0000)]

Other Threads:
  0x0000000017f4a800 VMThread [stack: 0x0000000019c50000,0x0000000019d50000] [id=20752]
  0x0000000019e5a800 WatcherThread [stack: 0x000000001ab50000,0x000000001ac50000] [id=10860]

VM state:not at safepoint (normal execution)

VM Mutex/Monitor currently owned by a thread: None

Heap:
 PSYoungGen      total 134656K, used 46125K [0x00000000d5f00000, 0x00000000df080000, 0x0000000100000000)
  eden space 125952K, 32% used [0x00000000d5f00000,0x00000000d8729558,0x00000000dda00000)
  from space 8704K, 57% used [0x00000000ddf80000,0x00000000de461f10,0x00000000de800000)
  to   space 7168K, 0% used [0x00000000de980000,0x00000000de980000,0x00000000df080000)
 ParOldGen       total 66560K, used 27587K [0x0000000081c00000, 0x0000000085d00000, 0x00000000d5f00000)
  object space 66560K, 41% used [0x0000000081c00000,0x00000000836f0f08,0x0000000085d00000)
 Metaspace       used 48681K, capacity 52170K, committed 52224K, reserved 1093632K
  class space    used 6535K, capacity 7151K, committed 7168K, reserved 1048576K

Card table byte_map: [0x0000000012390000,0x0000000012790000] byte_map_base: 0x0000000011f82000

Marking Bits: (ParMarkBitMap*) 0x0000000076553e30
 Begin Bits: [0x0000000013240000, 0x00000000151d0000)
 End Bits:   [0x00000000151d0000, 0x0000000017160000)

Polling page: 0x0000000000ef0000

CodeCache: size=245760Kb used=18439Kb max_used=18439Kb free=227320Kb
 bounds [0x0000000002fd0000, 0x00000000041f0000, 0x0000000011fd0000]
 total_blobs=5117 nmethods=4639 adapters=390
 compilation: enabled

Compilation events (10 events):
Event: 11.418 Thread 0x0000000019e15000 5064       3       org.springframework.beans.factory.support.AbstractAutowireCapableBeanFactory::applyMergedBeanDefinitionPostProcessors (50 bytes)
Event: 11.419 Thread 0x0000000019e15000 nmethod 5064 0x00000000041db190 code [0x00000000041db360, 0x00000000041dba28]
Event: 11.419 Thread 0x0000000019e15000 5065       3       org.springframework.context.support.ApplicationListenerDetector::postProcessMergedBeanDefinition (28 bytes)
Event: 11.420 Thread 0x0000000019e15000 nmethod 5065 0x00000000041dbcd0 code [0x00000000041dbe80, 0x00000000041dc578]
Event: 11.424 Thread 0x0000000019e15000 5066   !   3       org.springframework.beans.factory.support.AbstractAutowireCapableBeanFactory::initializeBean (116 bytes)
Event: 11.425 Thread 0x0000000019e15000 nmethod 5066 0x00000000041dc790 code [0x00000000041dc9c0, 0x00000000041dd7b8]
Event: 11.425 Thread 0x0000000019e15000 5067       3       org.springframework.beans.factory.support.AbstractAutowireCapableBeanFactory::invokeAwareMethods (68 bytes)
Event: 11.425 Thread 0x0000000019e15000 nmethod 5067 0x00000000041ddc90 code [0x00000000041dde80, 0x00000000041deb48]
Event: 11.425 Thread 0x0000000019e15000 5068   !   3       org.springframework.beans.factory.support.AbstractAutowireCapableBeanFactory::invokeInitMethods (171 bytes)
Event: 11.427 Thread 0x0000000019e15000 nmethod 5068 0x00000000041ded10 code [0x00000000041df020, 0x00000000041e0aa8]

GC Heap History (10 events):
Event: 6.450 GC heap before
{Heap before GC invocations=9 (full 1):
 PSYoungGen      total 134656K, used 104286K [0x00000000d5f00000, 0x00000000df080000, 0x0000000100000000)
  eden space 125952K, 75% used [0x00000000d5f00000,0x00000000dbc5a1f0,0x00000000dda00000)
  from space 8704K, 99% used [0x00000000ddf80000,0x00000000de7fd738,0x00000000de800000)
  to   space 7168K, 0% used [0x00000000de980000,0x00000000de980000,0x00000000df080000)
 ParOldGen       total 46080K, used 9265K [0x0000000081c00000, 0x0000000084900000, 0x00000000d5f00000)
  object space 46080K, 20% used [0x0000000081c00000,0x000000008250c5b0,0x0000000084900000)
 Metaspace       used 33012K, capacity 35350K, committed 35496K, reserved 1079296K
  class space    used 4342K, capacity 4769K, committed 4864K, reserved 1048576K
Event: 6.460 GC heap after
Heap after GC invocations=9 (full 1):
 PSYoungGen      total 133120K, used 7136K [0x00000000d5f00000, 0x00000000df080000, 0x0000000100000000)
  eden space 125952K, 0% used [0x00000000d5f00000,0x00000000d5f00000,0x00000000dda00000)
  from space 7168K, 99% used [0x00000000de980000,0x00000000df078020,0x00000000df080000)
  to   space 8704K, 0% used [0x00000000ddf80000,0x00000000ddf80000,0x00000000de800000)
 ParOldGen       total 46080K, used 12882K [0x0000000081c00000, 0x0000000084900000, 0x00000000d5f00000)
  object space 46080K, 27% used [0x0000000081c00000,0x00000000828949f8,0x0000000084900000)
 Metaspace       used 33012K, capacity 35350K, committed 35496K, reserved 1079296K
  class space    used 4342K, capacity 4769K, committed 4864K, reserved 1048576K
}
Event: 6.460 GC heap before
{Heap before GC invocations=10 (full 2):
 PSYoungGen      total 133120K, used 7136K [0x00000000d5f00000, 0x00000000df080000, 0x0000000100000000)
  eden space 125952K, 0% used [0x00000000d5f00000,0x00000000d5f00000,0x00000000dda00000)
  from space 7168K, 99% used [0x00000000de980000,0x00000000df078020,0x00000000df080000)
  to   space 8704K, 0% used [0x00000000ddf80000,0x00000000ddf80000,0x00000000de800000)
 ParOldGen       total 46080K, used 12882K [0x0000000081c00000, 0x0000000084900000, 0x00000000d5f00000)
  object space 46080K, 27% used [0x0000000081c00000,0x00000000828949f8,0x0000000084900000)
 Metaspace       used 33012K, capacity 35350K, committed 35496K, reserved 1079296K
  class space    used 4342K, capacity 4769K, committed 4864K, reserved 1048576K
Event: 6.529 GC heap after
Heap after GC invocations=10 (full 2):
 PSYoungGen      total 133120K, used 0K [0x00000000d5f00000, 0x00000000df080000, 0x0000000100000000)
  eden space 125952K, 0% used [0x00000000d5f00000,0x00000000d5f00000,0x00000000dda00000)
  from space 7168K, 0% used [0x00000000de980000,0x00000000de980000,0x00000000df080000)
  to   space 8704K, 0% used [0x00000000ddf80000,0x00000000ddf80000,0x00000000de800000)
 ParOldGen       total 66560K, used 15882K [0x0000000081c00000, 0x0000000085d00000, 0x00000000d5f00000)
  object space 66560K, 23% used [0x0000000081c00000,0x0000000082b82a58,0x0000000085d00000)
 Metaspace       used 33012K, capacity 35350K, committed 35496K, reserved 1079296K
  class space    used 4342K, capacity 4769K, committed 4864K, reserved 1048576K
}
Event: 8.289 GC heap before
{Heap before GC invocations=11 (full 2):
 PSYoungGen      total 133120K, used 125952K [0x00000000d5f00000, 0x00000000df080000, 0x0000000100000000)
  eden space 125952K, 100% used [0x00000000d5f00000,0x00000000dda00000,0x00000000dda00000)
  from space 7168K, 0% used [0x00000000de980000,0x00000000de980000,0x00000000df080000)
  to   space 8704K, 0% used [0x00000000ddf80000,0x00000000ddf80000,0x00000000de800000)
 ParOldGen       total 66560K, used 15882K [0x0000000081c00000, 0x0000000085d00000, 0x00000000d5f00000)
  object space 66560K, 23% used [0x0000000081c00000,0x0000000082b82a58,0x0000000085d00000)
 Metaspace       used 39850K, capacity 42572K, committed 42752K, reserved 1085440K
  class space    used 5370K, capacity 5864K, committed 5888K, reserved 1048576K
Event: 8.295 GC heap after
Heap after GC invocations=11 (full 2):
 PSYoungGen      total 134656K, used 7716K [0x00000000d5f00000, 0x00000000df080000, 0x0000000100000000)
  eden space 125952K, 0% used [0x00000000d5f00000,0x00000000d5f00000,0x00000000dda00000)
  from space 8704K, 88% used [0x00000000ddf80000,0x00000000de709118,0x00000000de800000)
  to   space 7168K, 0% used [0x00000000de980000,0x00000000de980000,0x00000000df080000)
 ParOldGen       total 66560K, used 15890K [0x0000000081c00000, 0x0000000085d00000, 0x00000000d5f00000)
  object space 66560K, 23% used [0x0000000081c00000,0x0000000082b84a58,0x0000000085d00000)
 Metaspace       used 39850K, capacity 42572K, committed 42752K, reserved 1085440K
  class space    used 5370K, capacity 5864K, committed 5888K, reserved 1048576K
}
Event: 10.245 GC heap before
{Heap before GC invocations=12 (full 2):
 PSYoungGen      total 134656K, used 133668K [0x00000000d5f00000, 0x00000000df080000, 0x0000000100000000)
  eden space 125952K, 100% used [0x00000000d5f00000,0x00000000dda00000,0x00000000dda00000)
  from space 8704K, 88% used [0x00000000ddf80000,0x00000000de709118,0x00000000de800000)
  to   space 7168K, 0% used [0x00000000de980000,0x00000000de980000,0x00000000df080000)
 ParOldGen       total 66560K, used 15890K [0x0000000081c00000, 0x0000000085d00000, 0x00000000d5f00000)
  object space 66560K, 23% used [0x0000000081c00000,0x0000000082b84a58,0x0000000085d00000)
 Metaspace       used 45748K, capacity 48666K, committed 49024K, reserved 1091584K
  class space    used 6112K, capacity 6659K, committed 6784K, reserved 1048576K
Event: 10.256 GC heap after
Heap after GC invocations=12 (full 2):
 PSYoungGen      total 133120K, used 7144K [0x00000000d5f00000, 0x00000000df080000, 0x0000000100000000)
  eden space 125952K, 0% used [0x00000000d5f00000,0x00000000d5f00000,0x00000000dda00000)
  from space 7168K, 99% used [0x00000000de980000,0x00000000df07a040,0x00000000df080000)
  to   space 8704K, 0% used [0x00000000ddf80000,0x00000000ddf80000,0x00000000de800000)
 ParOldGen       total 66560K, used 20591K [0x0000000081c00000, 0x0000000085d00000, 0x00000000d5f00000)
  object space 66560K, 30% used [0x0000000081c00000,0x000000008301bea0,0x0000000085d00000)
 Metaspace       used 45748K, capacity 48666K, committed 49024K, reserved 1091584K
  class space    used 6112K, capacity 6659K, committed 6784K, reserved 1048576K
}
Event: 11.150 GC heap before
{Heap before GC invocations=13 (full 2):
 PSYoungGen      total 133120K, used 133096K [0x00000000d5f00000, 0x00000000df080000, 0x0000000100000000)
  eden space 125952K, 100% used [0x00000000d5f00000,0x00000000dda00000,0x00000000dda00000)
  from space 7168K, 99% used [0x00000000de980000,0x00000000df07a040,0x00000000df080000)
  to   space 8704K, 0% used [0x00000000ddf80000,0x00000000ddf80000,0x00000000de800000)
 ParOldGen       total 66560K, used 20591K [0x0000000081c00000, 0x0000000085d00000, 0x00000000d5f00000)
  object space 66560K, 30% used [0x0000000081c00000,0x000000008301bea0,0x0000000085d00000)
 Metaspace       used 47979K, capacity 51432K, committed 51584K, reserved 1093632K
  class space    used 6433K, capacity 7028K, committed 7040K, reserved 1048576K
Event: 11.163 GC heap after
Heap after GC invocations=13 (full 2):
 PSYoungGen      total 134656K, used 4999K [0x00000000d5f00000, 0x00000000df080000, 0x0000000100000000)
  eden space 125952K, 0% used [0x00000000d5f00000,0x00000000d5f00000,0x00000000dda00000)
  from space 8704K, 57% used [0x00000000ddf80000,0x00000000de461f10,0x00000000de800000)
  to   space 7168K, 0% used [0x00000000de980000,0x00000000de980000,0x00000000df080000)
 ParOldGen       total 66560K, used 27587K [0x0000000081c00000, 0x0000000085d00000, 0x00000000d5f00000)
  object space 66560K, 41% used [0x0000000081c00000,0x00000000836f0f08,0x0000000085d00000)
 Metaspace       used 47979K, capacity 51432K, committed 51584K, reserved 1093632K
  class space    used 6433K, capacity 7028K, committed 7040K, reserved 1048576K
}

Deoptimization events (10 events):
Event: 11.069 Thread 0x0000000002d18800 Uncommon trap: reason=class_check action=maybe_recompile pc=0x000000000412c2b0 method=sun.reflect.generics.reflectiveObjects.WildcardTypeImpl.getUpperBounds()[Ljava/lang/reflect/Type; @ 49
Event: 11.163 Thread 0x0000000002d18800 Uncommon trap: reason=unstable_if action=reinterpret pc=0x0000000003713c8c method=java.lang.invoke.MethodType$ConcurrentWeakInternSet$WeakEntry.equals(Ljava/lang/Object;)Z @ 21
Event: 11.191 Thread 0x0000000002d18800 Uncommon trap: reason=null_check action=make_not_entrant pc=0x0000000003a88080 method=org.springframework.beans.factory.support.DefaultSingletonBeanRegistry.getSingleton(Ljava/lang/String;Z)Ljava/lang/Object; @ 90
Event: 11.229 Thread 0x0000000002d18800 Uncommon trap: reason=unstable_if action=reinterpret pc=0x00000000036766b0 method=org.springframework.boot.context.properties.source.ConfigurationPropertyName$ElementsParser.updateType(Lorg/springframework/boot/context/properties/source/ConfigurationPrope
Event: 11.229 Thread 0x0000000002d18800 Uncommon trap: reason=unstable_if action=reinterpret pc=0x000000000357961c method=org.springframework.boot.context.properties.source.ConfigurationPropertyName$ElementsParser.updateType(Lorg/springframework/boot/context/properties/source/ConfigurationPrope
Event: 11.231 Thread 0x0000000002d18800 Uncommon trap: reason=unstable_if action=reinterpret pc=0x0000000003733884 method=org.springframework.boot.context.properties.source.ConfigurationPropertyName.hashCode()I @ 18
Event: 11.279 Thread 0x0000000002d18800 Uncommon trap: reason=unstable_if action=reinterpret pc=0x00000000034ea700 method=java.util.concurrent.ConcurrentHashMap.transfer([Ljava/util/concurrent/ConcurrentHashMap$Node;[Ljava/util/concurrent/ConcurrentHashMap$Node;)V @ 356
Event: 11.349 Thread 0x0000000002d18800 Uncommon trap: reason=bimorphic action=maybe_recompile pc=0x000000000412a4ac method=sun.reflect.generics.reflectiveObjects.WildcardTypeImpl.getUpperBounds()[Ljava/lang/reflect/Type; @ 37
Event: 11.352 Thread 0x0000000002d18800 Uncommon trap: reason=bimorphic action=maybe_recompile pc=0x000000000412a4ac method=sun.reflect.generics.reflectiveObjects.WildcardTypeImpl.getUpperBounds()[Ljava/lang/reflect/Type; @ 37
Event: 11.380 Thread 0x0000000002d18800 Uncommon trap: reason=unstable_if action=reinterpret pc=0x0000000003f44a7c method=java.lang.Character.isLetterOrDigit(I)Z @ 10

Classes redefined (0 events):
No events

Internal exceptions (10 events):
Event: 11.403 Thread 0x0000000002d18800 Exception <a 'java/lang/ClassNotFoundException': org/springframework/beans/factory/InitializingBeanCustomizer> (0x00000000d802b1f8) thrown at [C:\re\workspace\8-2-build-windows-amd64-cygwin\jdk8u191\11896\hotspot\src\share\vm\classfile\systemDictionary.cp
Event: 11.404 Thread 0x0000000002d18800 Exception <a 'java/lang/ClassNotFoundException': com/fasterxml/jackson/core/VersionedCustomizer> (0x00000000d805d090) thrown at [C:\re\workspace\8-2-build-windows-amd64-cygwin\jdk8u191\11896\hotspot\src\share\vm\classfile\systemDictionary.cpp, line 210]
Event: 11.409 Thread 0x0000000002d18800 Exception <a 'java/lang/ClassNotFoundException': java/lang/ObjectCustomizer> (0x00000000d80c3028) thrown at [C:\re\workspace\8-2-build-windows-amd64-cygwin\jdk8u191\11896\hotspot\src\share\vm\classfile\systemDictionary.cpp, line 210]
Event: 11.410 Thread 0x0000000002d18800 Exception <a 'java/lang/ClassNotFoundException': org/springframework/data/web/config/SpringDataJacksonConfigurationCustomizer> (0x00000000d810cd78) thrown at [C:\re\workspace\8-2-build-windows-amd64-cygwin\jdk8u191\11896\hotspot\src\share\vm\classfile\sys
Event: 11.412 Thread 0x0000000002d18800 Exception <a 'java/lang/ClassNotFoundException': org/springframework/data/web/config/SpringDataJacksonModulesCustomizer> (0x00000000d8150db0) thrown at [C:\re\workspace\8-2-build-windows-amd64-cygwin\jdk8u191\11896\hotspot\src\share\vm\classfile\systemDic
Event: 11.421 Thread 0x0000000002d18800 Exception <a 'java/lang/ClassNotFoundException': org/springframework/data/geo/GeoModuleBeanInfo> (0x00000000d81ce278) thrown at [C:\re\workspace\8-2-build-windows-amd64-cygwin\jdk8u191\11896\hotspot\src\share\vm\classfile\systemDictionary.cpp, line 210]
Event: 11.422 Thread 0x0000000002d18800 Exception <a 'java/lang/ClassNotFoundException': org/springframework/data/geo/GeoModuleCustomizer> (0x00000000d8201028) thrown at [C:\re\workspace\8-2-build-windows-amd64-cygwin\jdk8u191\11896\hotspot\src\share\vm\classfile\systemDictionary.cpp, line 210]
Event: 11.424 Thread 0x0000000002d18800 Exception <a 'java/lang/ClassNotFoundException': com/fasterxml/jackson/core/VersionedCustomizer> (0x00000000d8247308) thrown at [C:\re\workspace\8-2-build-windows-amd64-cygwin\jdk8u191\11896\hotspot\src\share\vm\classfile\systemDictionary.cpp, line 210]
Event: 11.429 Thread 0x0000000002d18800 Exception <a 'java/lang/ClassNotFoundException': java/lang/ObjectCustomizer> (0x00000000d82945b8) thrown at [C:\re\workspace\8-2-build-windows-amd64-cygwin\jdk8u191\11896\hotspot\src\share\vm\classfile\systemDictionary.cpp, line 210]
Event: 11.429 Thread 0x0000000002d18800 Exception <a 'java/lang/ClassNotFoundException': org/springframework/http/converter/json/Jackson2ObjectMapperBuilderCustomizer> (0x00000000d82de890) thrown at [C:\re\workspace\8-2-build-windows-amd64-cygwin\jdk8u191\11896\hotspot\src\share\vm\classfile\sy

Events (10 events):
Event: 11.442 loading class com/fasterxml/jackson/databind/jsonFormatVisitors/JsonFormatVisitorWrapper
Event: 11.442 loading class com/fasterxml/jackson/databind/jsonFormatVisitors/JsonFormatVisitorWrapper done
Event: 11.443 loading class com/fasterxml/jackson/databind/jsonFormatVisitors/JsonFormatVisitorWithSerializerProvider
Event: 11.443 loading class com/fasterxml/jackson/databind/jsonFormatVisitors/JsonFormatVisitorWithSerializerProvider done
Event: 11.443 loading class com/fasterxml/jackson/annotation/JsonAutoDetect$Value
Event: 11.443 loading class com/fasterxml/jackson/annotation/JsonAutoDetect$Value done
Event: 11.444 loading class com/fasterxml/jackson/databind/jsonschema/JsonSchema
Event: 11.444 loading class com/fasterxml/jackson/databind/jsonschema/JsonSchema done
Event: 11.444 loading class com/fasterxml/jackson/databind/node/ArrayNode
Event: 11.444 loading class com/fasterxml/jackson/databind/node/ArrayNode done


Dynamic libraries:
0x00007ff6d0c40000 - 0x00007ff6d0c77000 	D:\study\jdk1.8u_191\bin\java.exe
0x00007ff8e7f10000 - 0x00007ff8e8105000 	C:\WINDOWS\SYSTEM32\ntdll.dll
0x00007ff8e6d20000 - 0x00007ff8e6dde000 	C:\WINDOWS\System32\KERNEL32.DLL
0x00007ff8e57d0000 - 0x00007ff8e5a98000 	C:\WINDOWS\System32\KERNELBASE.dll
0x00007ff8e6fd0000 - 0x00007ff8e707e000 	C:\WINDOWS\System32\ADVAPI32.dll
0x00007ff8e7d20000 - 0x00007ff8e7dbe000 	C:\WINDOWS\System32\msvcrt.dll
0x00007ff8e5fa0000 - 0x00007ff8e603c000 	C:\WINDOWS\System32\sechost.dll
0x00007ff8e7980000 - 0x00007ff8e7aa5000 	C:\WINDOWS\System32\RPCRT4.dll
0x00007ff8e7b80000 - 0x00007ff8e7d20000 	C:\WINDOWS\System32\USER32.dll
0x00007ff8e5f10000 - 0x00007ff8e5f32000 	C:\WINDOWS\System32\win32u.dll
0x00007ff8e7ea0000 - 0x00007ff8e7ecb000 	C:\WINDOWS\System32\GDI32.dll
0x00007ff8e5aa0000 - 0x00007ff8e5bab000 	C:\WINDOWS\System32\gdi32full.dll
0x00007ff8e5630000 - 0x00007ff8e56cd000 	C:\WINDOWS\System32\msvcp_win.dll
0x00007ff8e56d0000 - 0x00007ff8e57d0000 	C:\WINDOWS\System32\ucrtbase.dll
0x00007ff8c9df0000 - 0x00007ff8ca08a000 	C:\WINDOWS\WinSxS\amd64_microsoft.windows.common-controls_6595b64144ccf1df_6.0.19041.1110_none_60b5254171f9507e\COMCTL32.dll
0x00007ff8e7080000 - 0x00007ff8e70b0000 	C:\WINDOWS\System32\IMM32.DLL
0x00000000502c0000 - 0x00000000502cc000 	D:\Program Files (x86)\360\360Safe\safemon\SafeWrapper.dll
0x00007ff8abeb0000 - 0x00007ff8abf42000 	D:\Program Files (x86)\360\360Safe\safemon\libzdtp64.dll
0x00007ff8e6140000 - 0x00007ff8e6884000 	C:\WINDOWS\System32\SHELL32.dll
0x00007ff8e7b20000 - 0x00007ff8e7b75000 	C:\WINDOWS\System32\SHLWAPI.dll
0x00007ff8de720000 - 0x00007ff8de72a000 	C:\WINDOWS\SYSTEM32\VERSION.dll
0x0000000076b60000 - 0x0000000076c32000 	D:\study\jdk1.8u_191\jre\bin\msvcr100.dll
0x0000000075d30000 - 0x00000000765d4000 	D:\study\jdk1.8u_191\jre\bin\server\jvm.dll
0x00007ff8e7ab0000 - 0x00007ff8e7ab8000 	C:\WINDOWS\System32\PSAPI.DLL
0x00007ff8c6380000 - 0x00007ff8c6389000 	C:\WINDOWS\SYSTEM32\WSOCK32.dll
0x00007ff8d25f0000 - 0x00007ff8d2617000 	C:\WINDOWS\SYSTEM32\WINMM.dll
0x00007ff8e60d0000 - 0x00007ff8e613b000 	C:\WINDOWS\System32\WS2_32.dll
0x0000000077310000 - 0x000000007731f000 	D:\study\jdk1.8u_191\jre\bin\verify.dll
0x0000000076b30000 - 0x0000000076b59000 	D:\study\jdk1.8u_191\jre\bin\java.dll
0x0000000076aa0000 - 0x0000000076ac3000 	D:\study\jdk1.8u_191\jre\bin\instrument.dll
0x0000000076b10000 - 0x0000000076b26000 	D:\study\jdk1.8u_191\jre\bin\zip.dll
0x00007ff8e3660000 - 0x00007ff8e3df4000 	C:\WINDOWS\SYSTEM32\windows.storage.dll
0x00007ff8e6890000 - 0x00007ff8e6be4000 	C:\WINDOWS\System32\combase.dll
0x00007ff8e5090000 - 0x00007ff8e50bc000 	C:\WINDOWS\SYSTEM32\Wldp.dll
0x00007ff8e78d0000 - 0x00007ff8e797d000 	C:\WINDOWS\System32\SHCORE.dll
0x00007ff8e5570000 - 0x00007ff8e558f000 	C:\WINDOWS\SYSTEM32\profapi.dll
0x00007ff8e2ed0000 - 0x00007ff8e2eea000 	D:\study\idea\IntelliJ IDEA 2020.3.2\bin\breakgen64.dll
0x0000000076af0000 - 0x0000000076b0a000 	D:\study\jdk1.8u_191\jre\bin\net.dll
0x00007ff8e4d20000 - 0x00007ff8e4d8a000 	C:\WINDOWS\system32\mswsock.dll
0x0000000076ad0000 - 0x0000000076ae1000 	D:\study\jdk1.8u_191\jre\bin\nio.dll
0x00007ff8e4a10000 - 0x00007ff8e4a4b000 	C:\WINDOWS\SYSTEM32\IPHLPAPI.DLL
0x00007ff8e5f70000 - 0x00007ff8e5f78000 	C:\WINDOWS\System32\NSI.dll
0x00007ff8db2e0000 - 0x00007ff8db2f7000 	C:\WINDOWS\SYSTEM32\dhcpcsvc6.DLL
0x00007ff8dcb60000 - 0x00007ff8dcb7d000 	C:\WINDOWS\SYSTEM32\dhcpcsvc.DLL
0x00007ff8e4a50000 - 0x00007ff8e4b1a000 	C:\WINDOWS\SYSTEM32\DNSAPI.dll
0x0000000077420000 - 0x0000000077446000 	C:\Program Files\Bonjour\mdnsNSP.dll
0x0000000077300000 - 0x000000007730d000 	D:\study\jdk1.8u_191\jre\bin\management.dll
0x00007ff8c6680000 - 0x00007ff8c6697000 	C:\WINDOWS\system32\napinsp.dll
0x00007ff8c4f10000 - 0x00007ff8c4f2b000 	C:\WINDOWS\system32\pnrpnsp.dll
0x00007ff8e0000000 - 0x00007ff8e0015000 	C:\WINDOWS\system32\wshbth.dll
0x00007ff8e0d50000 - 0x00007ff8e0d6d000 	C:\WINDOWS\system32\NLAapi.dll
0x00007ff8c5550000 - 0x00007ff8c5562000 	C:\WINDOWS\System32\winrnr.dll
0x00007ff8dcf60000 - 0x00007ff8dcf6a000 	C:\Windows\System32\rasadhlp.dll
0x00007ff8d5d50000 - 0x00007ff8d5dcf000 	C:\WINDOWS\System32\fwpuclnt.dll
0x00007ff8e5f40000 - 0x00007ff8e5f67000 	C:\WINDOWS\System32\bcrypt.dll

VM Arguments:
jvm_args: -ea -Didea.test.cyclic.buffer.size=1048576 -javaagent:D:\study\idea\IntelliJ IDEA 2020.3.2\lib\idea_rt.jar=2076:D:\study\idea\IntelliJ IDEA 2020.3.2\bin -Dfile.encoding=UTF-8 
java_command: com.intellij.rt.junit.JUnitStarter -ideVersion5 -junit5 com.tx.service_cms.ServiceCmsApplicationsTest2,TestContextLoad
java_class_path (initial): D:\study\idea\IntelliJ IDEA 2020.3.2\lib\idea_rt.jar;C:\Users\123\.m2\repository\org\junit\platform\junit-platform-launcher\1.8.2\junit-platform-launcher-1.8.2.jar;C:\Users\123\.m2\repository\org\junit\platform\junit-platform-engine\1.8.2\junit-platform-engine-1.8.2.jar;C:\Users\123\.m2\repository\org\opentest4j\opentest4j\1.2.0\opentest4j-1.2.0.jar;C:\Users\123\.m2\repository\org\junit\platform\junit-platform-commons\1.8.2\junit-platform-commons-1.8.2.jar;C:\Users\123\.m2\repository\org\apiguardian\apiguardian-api\1.1.2\apiguardian-api-1.1.2.jar;D:\study\idea\IntelliJ IDEA 2020.3.2\plugins\junit\lib\junit5-rt.jar;D:\study\idea\IntelliJ IDEA 2020.3.2\plugins\junit\lib\junit-rt.jar;D:\study\jdk1.8u_191\jre\lib\charsets.jar;D:\study\jdk1.8u_191\jre\lib\deploy.jar;D:\study\jdk1.8u_191\jre\lib\ext\access-bridge-64.jar;D:\study\jdk1.8u_191\jre\lib\ext\cldrdata.jar;D:\study\jdk1.8u_191\jre\lib\ext\dnsns.jar;D:\study\jdk1.8u_191\jre\lib\ext\jaccess.jar;D:\study\jdk1.8u_191\jre\lib\ext\jfxrt.jar;D:\study\jdk1.8u_191\jre\lib\ext\localedata.jar;D:\study\jdk1.8u_191\jre\lib\ext\nashorn.jar;D:\study\jdk1.8u_191\jre\lib\ext\sunec.jar;D:\study\jdk1.8u_191\jre\lib\ext\sunjce_provider.jar;D:\study\jdk1.8u_191\jre\lib\ext\sunmscapi.jar;D:\study\jdk1.8u_191\jre\lib\ext\sunpkcs11.jar;D:\study\jdk1.8u_191\jre\lib\ext\zipfs.jar;D:\study\jdk1.8u_191\jre\lib\javaws.jar;D:\study\jdk1.8u_191\jre\lib\jce.jar;D:\study\jdk1.8u_191\jre\lib\jfr.jar;D:\study\jdk1.8u_191\jre\lib\jfxswt.jar;D:\study\jdk1.8u_191\jre\lib\jsse.jar;D:\study\jdk1.8u_191\jre\lib\management-agent.jar;D:\study\jdk1.8u_191\jre\lib\plugin.jar;D:\study\jdk1.8u_191\jre\lib\resources.jar;D:\study\jdk1.8u_191\jre\lib\rt.jar;D:\guli\guli_parent\service_cms\target\test-classes;D:\guli\guli_parent\service_cms\target\classes;D:\study\maven\repository\cglib\cglib\3.3.0\cglib-3.3.0.jar;D:\study\maven\repository\org\ow2\asm\asm\7.1\asm-7.1.jar;D:\study\maven\repository\org\springframework\boot\spring-boot-s
Launcher Type: SUN_STANDARD

Environment Variables:
JAVA_HOME=D:\study\jdk1.8u_191
CLASSPATH=.;D:\study\jdk1.8u_191\lib;D:\study\jdk1.8u_191\lib\dt.jar;D:\study\jdk1.8u_191\lib\tools.jar
PATH=C:\Program Files (x86)\Intel\Intel(R) Management Engine Components\iCLS\;C:\Program Files\Intel\Intel(R) Management Engine Components\iCLS\;C:\WINDOWS\system32;C:\WINDOWS;C:\WINDOWS\System32\Wbem;C:\WINDOWS\System32\WindowsPowerShell\v1.0\;C:\WINDOWS\System32\OpenSSH\;C:\Program Files\Intel\WiFi\bin\;C:\Program Files\Common Files\Intel\WirelessCommon\;C:\Program Files (x86)\Intel\Intel(R) Management Engine Components\DAL;C:\Program Files\Intel\Intel(R) Management Engine Components\DAL;C:\Program Files (x86)\Intel\Intel(R) Management Engine Components\IPT;C:\Program Files\Intel\Intel(R) Management Engine Components\IPT;D:\study\jdk1.8u_191\bin;D:\study\jdk1.8u_191\jre\bin;D:\study\mysql-5.7.29-winx64\bin;D:\study\maven\apache-maven-3.8.1\bin;C:\WINDOWS\system32;C:\WINDOWS;C:\WINDOWS\System32\Wbem;C:\WINDOWS\System32\WindowsPowerShell\v1.0\;C:\WINDOWS\System32\OpenSSH\;D:\Git\cmd;D:\study\Redis-x64-3.0.504;D:\node-v16.14.0-win-x64l\node_gloabal;C:\Program Files (x86)\NVIDIA Corporation\PhysX\Common;C:\Program Files\NVIDIA Corporation\NVIDIA NvDLISR;C:\Program Files\nodejs\;C:\Program Files\MySQL\MySQL Shell 8.0\bin\;C:\Users\123\AppData\Local\Microsoft\WindowsApps;D:\study\idea\IntelliJ IDEA Community Edition 2021.1.1\bin;D:\study\idea\IntelliJ IDEA 2020.3.2\bin;D:\study\Microsoft VS Code\bin;C:\Users\123\AppData\Roaming\npm
USERNAME=123
OS=Windows_NT
PROCESSOR_IDENTIFIER=Intel64 Family 6 Model 142 Stepping 10, GenuineIntel



---------------  S Y S T E M  ---------------

OS: Windows 10.0 , 64 bit Build 19041 (10.0.19041.1566)

CPU:total 8 (initial active 8) (4 cores per cpu, 2 threads per core) family 6 model 142 stepping 10, cmov, cx8, fxsr, mmx, sse, sse2, sse3, ssse3, sse4.1, sse4.2, popcnt, avx, avx2, aes, clmul, erms, 3dnowpref, lzcnt, ht, tsc, tscinvbit, bmi1, bmi2, adx

Memory: 4k page, physical 8271148k(211408k free), swap 17078092k(5604k free)

vm_info: Java HotSpot(TM) 64-Bit Server VM (25.191-b12) for windows-amd64 JRE (1.8.0_191-b12), built on Oct  6 2018 09:29:03 by "java_re" with MS VC++ 10.0 (VS2010)

time: Thu Apr 21 12:07:08 2022
elapsed time: 11 seconds (0d 0h 0m 11s)

